<?xml version="1.0" encoding="UTF-8"?>
<!-- Generated by org.testng.reporters.JUnitXMLReporter -->
<testsuite hostname="macbook-pro.local" name="Command line test" tests="4" failures="1" timestamp="19 Jan 2013 20:28:12 GMT" time="0.007" errors="0">
  <testcase name="constructor_should_create_calculator" time="0.0" classname="net.binout.codestory2013.HeinRestServiceTest"/>
  <testcase name="constructor_should_create_empty_cache" time="0.0" classname="net.binout.codestory2013.HeinRestServiceTest"/>
  <testcase name="constructor_should_load_enonce" time="0.0" classname="net.binout.codestory2013.HeinRestServiceTest"/>
  <testcase name="postcontruct_should_load_cache" time="0.001" classname="net.binout.codestory2013.HeinRestServiceTest">
    <failure type="java.lang.AssertionError" message="expected [true] but found [false]">
      <![CDATA[java.lang.AssertionError: expected [true] but found [false]
	at net.binout.codestory2013.HeinRestServiceTest.postcontruct_should_load_cache(HeinRestServiceTest.java:26)
	at org.infinitest.testrunner.JUnit4Runner.runTest(JUnit4Runner.java:54)
	at org.infinitest.testrunner.TestRunnerProcess.runTest(TestRunnerProcess.java:64)
	at org.infinitest.testrunner.TestRunnerProcess.writeTestResultToOutputStream(TestRunnerProcess.java:106)
	at org.infinitest.testrunner.TestRunnerProcess.main(TestRunnerProcess.java:83)
... Removed 25 stack frames]]>
    </failure>
  </testcase> <!-- postcontruct_should_load_cache -->
</testsuite> <!-- Command line test -->
